<?xml version="1.0" encoding="UTF-8"?>
<!-- Generated by org.testng.reporters.JUnitXMLReporter -->
<testsuite ignored="3" hostname="DESKTOP-J17G1RB" failures="0" tests="1" name="Default test" time="4.139" errors="0" timestamp="2025-07-19T16:11:07 EET">
  <testcase classname="MyTestCase.ATS" name="AddToCart" time="1.983"/>
  <testcase classname="MyTestCase.ATS" name="LogOut" time="0.0">
    <ignored/>
  </testcase> <!-- LogOut -->
  <testcase classname="MyTestCase.ATS" name="SignUpPage" time="0.0">
    <ignored/>
  </testcase> <!-- SignUpPage -->
  <testcase classname="MyTestCase.ATS" name="loginButton" time="0.0">
    <ignored/>
  </testcase> <!-- loginButton -->
</testsuite> <!-- Default test -->
