<?xml version="1.0" encoding="UTF-8"?>
<testng-results ignored="3" total="4" passed="1" failed="0" skipped="0">
  <reporter-output>
  </reporter-output>
  <suite started-at="2025-07-19T16:11:02 EET" name="Default suite" finished-at="2025-07-19T16:11:07 EET" duration-ms="4139">
    <groups>
    </groups>
    <test started-at="2025-07-19T16:11:02 EET" name="Default test" finished-at="2025-07-19T16:11:07 EET" duration-ms="4139">
      <class name="MyTestCase.ATS">
        <test-method is-config="true" signature="TheURL()[pri:0, instance:MyTestCase.ATS@4c550889]" started-at="2025-07-19T16:11:02 EET" name="TheURL" finished-at="2025-07-19T16:11:05 EET" duration-ms="2105" status="PASS">
          <reporter-output>
          </reporter-output>
        </test-method> <!-- TheURL -->
        <test-method signature="AddToCart()[pri:4, instance:MyTestCase.ATS@4c550889]" started-at="2025-07-19T16:11:05 EET" name="AddToCart" finished-at="2025-07-19T16:11:07 EET" duration-ms="1983" status="PASS">
          <reporter-output>
          </reporter-output>
        </test-method> <!-- AddToCart -->
      </class> <!-- MyTestCase.ATS -->
    </test> <!-- Default test -->
  </suite> <!-- Default suite -->
</testng-results>
